<?xml version="1.0" encoding="UTF-8"?>
<testng-results skipped="0" failed="0" ignored="0" total="2" passed="2">
  <reporter-output>
  </reporter-output>
  <suite name="Suite" duration-ms="61" started-at="2020-09-10T06:02:30Z" finished-at="2020-09-10T06:02:30Z">
    <groups>
    </groups>
    <test name="Test" duration-ms="61" started-at="2020-09-10T06:02:30Z" finished-at="2020-09-10T06:02:30Z">
      <class name="TestOne">
        <test-method status="PASS" signature="test()[pri:0, instance:TestOne@5315b42e]" name="test" duration-ms="13" started-at="2020-09-10T11:32:30Z" finished-at="2020-09-10T11:32:30Z">
          <reporter-output>
          </reporter-output>
        </test-method> <!-- test -->
        <test-method status="PASS" signature="test1()[pri:0, instance:TestOne@5315b42e]" name="test1" duration-ms="0" started-at="2020-09-10T11:32:30Z" finished-at="2020-09-10T11:32:30Z">
          <reporter-output>
          </reporter-output>
        </test-method> <!-- test1 -->
      </class> <!-- TestOne -->
    </test> <!-- Test -->
  </suite> <!-- Suite -->
</testng-results>
